<?xml version="1.0" encoding="UTF-8"?>
<!-- Generated by org.testng.reporters.JUnitReportReporter -->
<testsuite skipped="0" hostname="DESKTOP-JC7NJGU" name="com.inetbanking.TestCases.TC_LoginTest_001Redcongfile" tests="1" failures="0" timestamp="2020-11-01T17:40:28 IST" time="13.059" errors="0">
  <testcase name="logintest" time="13.059" classname="com.inetbanking.TestCases.TC_LoginTest_001Redcongfile"/>
  <system-out/>
</testsuite> <!-- com.inetbanking.TestCases.TC_LoginTest_001Redcongfile -->
